2026-01-02 20:57:53,621 - freqtrade.loggers - INFO - Enabling colorized output.
2026-01-02 20:57:53,622 - root - INFO - Logfile configured
2026-01-02 20:57:53,622 - freqtrade.loggers - INFO - Verbosity set to 0
2026-01-02 20:57:53,623 - freqtrade.configuration.configuration - INFO - Runmode set to dry_run.
2026-01-02 20:57:53,624 - freqtrade.configuration.configuration - INFO - Using additional Strategy lookup path: /pool/strategies
2026-01-02 20:57:53,624 - freqtrade.configuration.configuration - INFO - Parameter --db-url detected ...
2026-01-02 20:57:53,625 - freqtrade.configuration.configuration - INFO - Dry run is enabled
2026-01-02 20:57:53,626 - freqtrade.configuration.configuration - INFO - Using DB: "sqlite:////pool/bots/anshjarvis2003-bot-2/tradesv3.sqlite"
2026-01-02 20:57:53,626 - freqtrade.configuration.configuration - INFO - Using max_open_trades: 20 ...
2026-01-02 20:57:53,640 - freqtrade.configuration.configuration - INFO - Using user-data directory: /freqtrade/user_data ...
2026-01-02 20:57:53,641 - freqtrade.configuration.configuration - INFO - Using data directory: /freqtrade/user_data/data/kraken ...
2026-01-02 20:57:53,643 - freqtrade.exchange.check_exchange - INFO - Checking exchange...
2026-01-02 20:57:53,648 - freqtrade.exchange.check_exchange - INFO - Exchange "kraken" is officially supported by the Freqtrade development team.
2026-01-02 20:57:53,649 - freqtrade.configuration.configuration - INFO - Using pairlist from configuration.
2026-01-02 20:57:53,682 - freqtrade.resolvers.iresolver - INFO - Using resolved strategy EmaRsiStrategy from '/pool/strategies/EmaRsiStrategy.py'...
2026-01-02 20:57:53,683 - freqtrade.strategy.hyper - INFO - Found no parameter file.
2026-01-02 20:57:53,686 - freqtrade.resolvers.strategy_resolver - INFO - Override strategy 'timeframe' with value in config file: 15m.
2026-01-02 20:57:53,686 - freqtrade.resolvers.strategy_resolver - INFO - Override strategy 'stake_currency' with value in config file: USD.
2026-01-02 20:57:53,687 - freqtrade.resolvers.strategy_resolver - INFO - Override strategy 'stake_amount' with value in config file: 500.
2026-01-02 20:57:53,687 - freqtrade.resolvers.strategy_resolver - INFO - Override strategy 'unfilledtimeout' with value in config file: {'entry': 10, 'exit': 10, 'exit_timeout_count': 0, 'unit': 'minutes'}.
2026-01-02 20:57:53,688 - freqtrade.resolvers.strategy_resolver - INFO - Override strategy 'max_open_trades' with value in config file: 20.
2026-01-02 20:57:53,689 - freqtrade.resolvers.strategy_resolver - INFO - Strategy using minimal_roi: {'0': 0.15, '60': 0.05, '120': 0.02}
2026-01-02 20:57:53,689 - freqtrade.resolvers.strategy_resolver - INFO - Strategy using timeframe: 15m
2026-01-02 20:57:53,690 - freqtrade.resolvers.strategy_resolver - INFO - Strategy using stoploss: -0.1
2026-01-02 20:57:53,690 - freqtrade.resolvers.strategy_resolver - INFO - Strategy using trailing_stop: False
2026-01-02 20:57:53,691 - freqtrade.resolvers.strategy_resolver - INFO - Strategy using trailing_stop_positive_offset: 0.0
2026-01-02 20:57:53,691 - freqtrade.resolvers.strategy_resolver - INFO - Strategy using trailing_only_offset_is_reached: False
2026-01-02 20:57:53,692 - freqtrade.resolvers.strategy_resolver - INFO - Strategy using use_custom_stoploss: False
2026-01-02 20:57:53,693 - freqtrade.resolvers.strategy_resolver - INFO - Strategy using process_only_new_candles: True
2026-01-02 20:57:53,694 - freqtrade.resolvers.strategy_resolver - INFO - Strategy using order_types: {'entry': 'limit', 'exit': 'limit', 'stoploss': 'limit', 'stoploss_on_exchange': False, 'stoploss_on_exchange_interval': 60}
2026-01-02 20:57:53,695 - freqtrade.resolvers.strategy_resolver - INFO - Strategy using order_time_in_force: {'entry': 'GTC', 'exit': 'GTC'}
2026-01-02 20:57:53,695 - freqtrade.resolvers.strategy_resolver - INFO - Strategy using stake_currency: USD
2026-01-02 20:57:53,696 - freqtrade.resolvers.strategy_resolver - INFO - Strategy using stake_amount: 500
2026-01-02 20:57:53,697 - freqtrade.resolvers.strategy_resolver - INFO - Strategy using startup_candle_count: 0
2026-01-02 20:57:53,697 - freqtrade.resolvers.strategy_resolver - INFO - Strategy using unfilledtimeout: {'entry': 10, 'exit': 10, 'exit_timeout_count': 0, 'unit': 'minutes'}
2026-01-02 20:57:53,698 - freqtrade.resolvers.strategy_resolver - INFO - Strategy using use_exit_signal: True
2026-01-02 20:57:53,699 - freqtrade.resolvers.strategy_resolver - INFO - Strategy using exit_profit_only: False
2026-01-02 20:57:53,699 - freqtrade.resolvers.strategy_resolver - INFO - Strategy using ignore_roi_if_entry_signal: False
2026-01-02 20:57:53,700 - freqtrade.resolvers.strategy_resolver - INFO - Strategy using exit_profit_offset: 0.0
2026-01-02 20:57:53,701 - freqtrade.resolvers.strategy_resolver - INFO - Strategy using disable_dataframe_checks: False
2026-01-02 20:57:53,701 - freqtrade.resolvers.strategy_resolver - INFO - Strategy using ignore_buying_expired_candle_after: 0
2026-01-02 20:57:53,703 - freqtrade.resolvers.strategy_resolver - INFO - Strategy using position_adjustment_enable: False
2026-01-02 20:57:53,703 - freqtrade.resolvers.strategy_resolver - INFO - Strategy using max_entry_position_adjustment: -1
2026-01-02 20:57:53,704 - freqtrade.resolvers.strategy_resolver - INFO - Strategy using max_open_trades: 20
2026-01-02 20:57:53,704 - freqtrade.configuration.config_validation - INFO - Validating configuration ...
2026-01-02 20:57:53,707 - freqtrade.exchange.exchange - INFO - Instance is running with dry_run enabled
2026-01-02 20:57:53,708 - freqtrade.exchange.exchange - INFO - Using CCXT 4.4.77
2026-01-02 20:57:53,716 - freqtrade.exchange.exchange - INFO - Using Exchange "Kraken"
2026-01-02 20:57:55,611 - freqtrade.resolvers.exchange_resolver - INFO - Using resolved exchange 'Kraken'...
2026-01-02 20:57:55,711 - freqtrade.wallets - INFO - Wallets synced.
2026-01-02 20:57:55,712 - freqtrade.rpc.rpc_manager - INFO - Enabling rpc.api_server
2026-01-02 20:57:55,967 - freqtrade.rpc.api_server.webserver - INFO - Starting HTTP Server at 0.0.0.0:9001
2026-01-02 20:57:55,969 - freqtrade.rpc.api_server.webserver - INFO - Starting Local Rest Server.
2026-01-02 20:57:56,000 - freqtrade.resolvers.iresolver - INFO - Using resolved pairlist StaticPairList from '/freqtrade/freqtrade/plugins/pairlist/StaticPairList.py'...
2026-01-02 20:57:56,001 - freqtrade.freqtradebot - INFO - Starting initial pairlist refresh
2026-01-02 20:57:56,015 - freqtrade.plugins.pairlistmanager - INFO - Whitelist with 2 pairs: ['BTC/USD', 'ETH/USD']
2026-01-02 20:57:56,016 - freqtrade.freqtradebot - INFO - Initial Pairlist refresh took 0.01s
2026-01-02 20:57:56,017 - freqtrade.strategy.hyper - INFO - No params for sell found, using default values.
2026-01-02 20:57:56,018 - freqtrade.strategy.hyper - INFO - No params for protection found, using default values.
2026-01-02 20:57:56,021 - freqtrade.plugins.protectionmanager - INFO - No protection Handlers defined.
2026-01-02 20:57:56,023 - freqtrade.rpc.rpc_manager - INFO - Sending rpc message: {'type': status, 'status': 'running'}
2026-01-02 20:57:56,024 - freqtrade.worker - INFO - Changing state to: RUNNING
2026-01-02 20:57:56,049 - freqtrade.rpc.rpc_manager - INFO - Sending rpc message: {'type': warning, 'status': 'Dry run is enabled. All trades are simulated.'}
2026-01-02 20:57:56,050 - freqtrade.rpc.rpc_manager - INFO - Sending rpc message: {'type': startup, 'status': "*Exchange:* `kraken`\n*Stake per trade:* `500 USD`\n*Minimum ROI:* `{'0': 0.15, '60': 0.05, '120': 0.02}`\n*Stoploss:* `-0.1`\n*Position adjustment:* `Off`\n*Timeframe:* `15m`\n*Strategy:* `EmaRsiStrategy`"}
2026-01-02 20:57:56,050 - freqtrade.rpc.rpc_manager - INFO - Sending rpc message: {'type': startup, 'status': "Searching for USD pairs to buy and sell based on [{'StaticPairList': 'StaticPairList'}]"}
2026-01-02 20:57:58,630 - freqtrade.wallets - INFO - Wallets synced.
2026-01-02 20:57:58,749 - freqtrade.freqtradebot - INFO - Long signal found: about create a new trade for BTC/USD with stake_amount: 500 and price: 89600.6 ...
2026-01-02 20:57:59,940 - freqtrade.freqtradebot - INFO - Order dry_run_buy_BTC/USD_1767387478.750838 was created for BTC/USD and status is open.
2026-01-02 20:57:59,973 - freqtrade.wallets - INFO - Wallets synced.
2026-01-02 20:57:59,975 - freqtrade.rpc.rpc_manager - INFO - Sending rpc message: {'trade_id': 1, 'type': entry, 'buy_tag': '', 'enter_tag': '', 'exchange': 'Kraken', 'pair': 'BTC/USD', 'leverage': 1.0, 'direction': 'Long', 'limit': 89600.6, 'open_rate': 89600.6, 'order_type': 'limit', 'stake_amount': 500.0, 'stake_currency': 'USD', 'base_currency': 'BTC', 'quote_currency': 'USD', 'fiat_currency': None, 'amount': 0.00558031, 'open_date': datetime.datetime(2026, 1, 2, 20, 57, 59, 941017, tzinfo=datetime.timezone.utc), 'current_rate': 89600.6, 'sub_trade': False}
2026-01-02 20:58:41,054 - freqtrade.worker - INFO - Bot heartbeat. PID=70, version='2025.4', state='RUNNING'
2026-01-02 20:58:41,183 - freqtrade.freqtradebot - INFO - Found open order for Trade(id=1, pair=BTC/USD, amount=0.00000000, is_short=False, leverage=1.0, open_rate=89600.60000000, open_since=2026-01-02 20:57:59)
2026-01-02 20:59:26,381 - freqtrade.freqtradebot - INFO - Found open order for Trade(id=1, pair=BTC/USD, amount=0.00000000, is_short=False, leverage=1.0, open_rate=89600.60000000, open_since=2026-01-02 20:57:59)
2026-01-02 21:00:04,026 - freqtrade.freqtradebot - INFO - Found open order for Trade(id=1, pair=BTC/USD, amount=0.00000000, is_short=False, leverage=1.0, open_rate=89600.60000000, open_since=2026-01-02 20:57:59)
2026-01-02 21:00:05,244 - freqtrade.wallets - INFO - Wallets synced.
2026-01-02 21:00:06,421 - freqtrade.freqtradebot - INFO - Long signal found: about create a new trade for ETH/USD with stake_amount: 500 and price: 3117.76 ...
2026-01-02 21:00:07,611 - freqtrade.freqtradebot - INFO - Order dry_run_buy_ETH/USD_1767387606.434802 was created for ETH/USD and status is open.
2026-01-02 21:00:07,630 - freqtrade.wallets - INFO - Wallets synced.
2026-01-02 21:00:07,630 - freqtrade.rpc.rpc_manager - INFO - Sending rpc message: {'trade_id': 2, 'type': entry, 'buy_tag': '', 'enter_tag': '', 'exchange': 'Kraken', 'pair': 'ETH/USD', 'leverage': 1.0, 'direction': 'Long', 'limit': 3117.76, 'open_rate': 3117.76, 'order_type': 'limit', 'stake_amount': 500.0, 'stake_currency': 'USD', 'base_currency': 'ETH', 'quote_currency': 'USD', 'fiat_currency': None, 'amount': 0.16037154, 'open_date': datetime.datetime(2026, 1, 2, 21, 0, 7, 612168, tzinfo=datetime.timezone.utc), 'current_rate': 3117.76, 'sub_trade': False}
2026-01-02 21:00:46,152 - freqtrade.freqtradebot - INFO - Found open order for Trade(id=1, pair=BTC/USD, amount=0.00000000, is_short=False, leverage=1.0, open_rate=89600.60000000, open_since=2026-01-02 20:57:59)
2026-01-02 21:00:48,543 - freqtrade.freqtradebot - INFO - Found open order for Trade(id=2, pair=ETH/USD, amount=0.00000000, is_short=False, leverage=1.0, open_rate=3117.76000000, open_since=2026-01-02 21:00:07)
2026-01-02 21:00:48,557 - freqtrade.freqtradebot - INFO - No currency pair in active pair whitelist, but checking to exit open trades.
2026-01-02 21:01:31,284 - freqtrade.freqtradebot - INFO - Found open order for Trade(id=1, pair=BTC/USD, amount=0.00000000, is_short=False, leverage=1.0, open_rate=89600.60000000, open_since=2026-01-02 20:57:59)
2026-01-02 21:01:33,524 - freqtrade.freqtradebot - INFO - Found open order for Trade(id=2, pair=ETH/USD, amount=0.00000000, is_short=False, leverage=1.0, open_rate=3117.76000000, open_since=2026-01-02 21:00:07)
2026-01-02 21:02:16,312 - freqtrade.freqtradebot - INFO - Found open order for Trade(id=1, pair=BTC/USD, amount=0.00000000, is_short=False, leverage=1.0, open_rate=89600.60000000, open_since=2026-01-02 20:57:59)
2026-01-02 21:02:18,558 - freqtrade.freqtradebot - INFO - Found open order for Trade(id=2, pair=ETH/USD, amount=0.00000000, is_short=False, leverage=1.0, open_rate=3117.76000000, open_since=2026-01-02 21:00:07)
2026-01-02 21:03:01,298 - freqtrade.freqtradebot - INFO - Found open order for Trade(id=1, pair=BTC/USD, amount=0.00000000, is_short=False, leverage=1.0, open_rate=89600.60000000, open_since=2026-01-02 20:57:59)
2026-01-02 21:03:03,544 - freqtrade.freqtradebot - INFO - Found open order for Trade(id=2, pair=ETH/USD, amount=0.00000000, is_short=False, leverage=1.0, open_rate=3117.76000000, open_since=2026-01-02 21:00:07)
2026-01-02 21:03:46,002 - freqtrade.worker - INFO - Bot heartbeat. PID=70, version='2025.4', state='RUNNING'
2026-01-02 21:03:46,059 - freqtrade.freqtradebot - INFO - Found open order for Trade(id=1, pair=BTC/USD, amount=0.00000000, is_short=False, leverage=1.0, open_rate=89600.60000000, open_since=2026-01-02 20:57:59)
2026-01-02 21:03:48,540 - freqtrade.freqtradebot - INFO - Found open order for Trade(id=2, pair=ETH/USD, amount=0.00000000, is_short=False, leverage=1.0, open_rate=3117.76000000, open_since=2026-01-02 21:00:07)
2026-01-02 21:04:31,193 - freqtrade.freqtradebot - INFO - Found open order for Trade(id=1, pair=BTC/USD, amount=0.00000000, is_short=False, leverage=1.0, open_rate=89600.60000000, open_since=2026-01-02 20:57:59)
2026-01-02 21:04:33,525 - freqtrade.freqtradebot - INFO - Found open order for Trade(id=2, pair=ETH/USD, amount=0.00000000, is_short=False, leverage=1.0, open_rate=3117.76000000, open_since=2026-01-02 21:00:07)
2026-01-02 21:05:16,163 - freqtrade.freqtradebot - INFO - Found open order for Trade(id=1, pair=BTC/USD, amount=0.00000000, is_short=False, leverage=1.0, open_rate=89600.60000000, open_since=2026-01-02 20:57:59)
2026-01-02 21:05:18,524 - freqtrade.freqtradebot - INFO - Found open order for Trade(id=2, pair=ETH/USD, amount=0.00000000, is_short=False, leverage=1.0, open_rate=3117.76000000, open_since=2026-01-02 21:00:07)
2026-01-02 21:06:01,150 - freqtrade.freqtradebot - INFO - Found open order for Trade(id=1, pair=BTC/USD, amount=0.00000000, is_short=False, leverage=1.0, open_rate=89600.60000000, open_since=2026-01-02 20:57:59)
2026-01-02 21:06:03,675 - freqtrade.freqtradebot - INFO - Found open order for Trade(id=2, pair=ETH/USD, amount=0.00000000, is_short=False, leverage=1.0, open_rate=3117.76000000, open_since=2026-01-02 21:00:07)
2026-01-02 21:06:46,281 - freqtrade.freqtradebot - INFO - Found open order for Trade(id=1, pair=BTC/USD, amount=0.00000000, is_short=False, leverage=1.0, open_rate=89600.60000000, open_since=2026-01-02 20:57:59)
2026-01-02 21:06:48,668 - freqtrade.freqtradebot - INFO - Found open order for Trade(id=2, pair=ETH/USD, amount=0.00000000, is_short=False, leverage=1.0, open_rate=3117.76000000, open_since=2026-01-02 21:00:07)
2026-01-02 21:07:31,134 - freqtrade.freqtradebot - INFO - Found open order for Trade(id=1, pair=BTC/USD, amount=0.00000000, is_short=False, leverage=1.0, open_rate=89600.60000000, open_since=2026-01-02 20:57:59)
2026-01-02 21:07:33,529 - freqtrade.freqtradebot - INFO - Found open order for Trade(id=2, pair=ETH/USD, amount=0.00000000, is_short=False, leverage=1.0, open_rate=3117.76000000, open_since=2026-01-02 21:00:07)
2026-01-02 21:08:16,403 - freqtrade.freqtradebot - INFO - Found open order for Trade(id=1, pair=BTC/USD, amount=0.00000000, is_short=False, leverage=1.0, open_rate=89600.60000000, open_since=2026-01-02 20:57:59)
2026-01-02 21:08:18,900 - freqtrade.freqtradebot - INFO - Buy order cancelled due to timeout for Trade(id=1, pair=BTC/USD, amount=0.00000000, is_short=False, leverage=1.0, open_rate=89600.60000000, open_since=2026-01-02 20:57:59).
2026-01-02 21:08:18,901 - freqtrade.freqtradebot - INFO - Buy order fully cancelled. Removing Trade(id=1, pair=BTC/USD, amount=0.00000000, is_short=False, leverage=1.0, open_rate=89600.60000000, open_since=2026-01-02 20:57:59) from database.
2026-01-02 21:08:18,916 - freqtrade.wallets - INFO - Wallets synced.
2026-01-02 21:08:18,916 - freqtrade.rpc.rpc_manager - INFO - Sending rpc message: {'trade_id': 1, 'type': entry_cancel, 'buy_tag': '', 'enter_tag': '', 'exchange': 'Kraken', 'pair': 'BTC/USD', 'leverage': 1.0, 'direction': 'Long', 'limit': 89600.6, 'order_type': 'limit', 'stake_amount': 500.0, 'open_rate': 89600.6, 'stake_currency': 'USD', 'base_currency': 'BTC', 'quote_currency': 'USD', 'fiat_currency': None, 'amount': 0.0, 'open_date': datetime.datetime(2026, 1, 2, 20, 57, 59, 941017), 'current_rate': 89762.3, 'reason': 'cancelled due to timeout, fully cancelled', 'sub_trade': False}
2026-01-02 21:08:19,992 - freqtrade.freqtradebot - INFO - Found open order for Trade(id=2, pair=ETH/USD, amount=0.00000000, is_short=False, leverage=1.0, open_rate=3117.76000000, open_since=2026-01-02 21:00:07)
2026-01-02 21:08:20,025 - freqtrade.wallets - INFO - Wallets synced.
2026-01-02 21:08:21,182 - freqtrade.freqtradebot - INFO - Long signal found: about create a new trade for BTC/USD with stake_amount: 500 and price: 89755.6 ...
2026-01-02 21:08:22,380 - freqtrade.freqtradebot - INFO - Order dry_run_buy_BTC/USD_1767388101.182939 was created for BTC/USD and status is open.
2026-01-02 21:08:22,387 - freqtrade.wallets - INFO - Wallets synced.
2026-01-02 21:08:22,388 - freqtrade.rpc.rpc_manager - INFO - Sending rpc message: {'trade_id': 3, 'type': entry, 'buy_tag': '', 'enter_tag': '', 'exchange': 'Kraken', 'pair': 'BTC/USD', 'leverage': 1.0, 'direction': 'Long', 'limit': 89755.6, 'open_rate': 89755.6, 'order_type': 'limit', 'stake_amount': 500.0, 'stake_currency': 'USD', 'base_currency': 'BTC', 'quote_currency': 'USD', 'fiat_currency': None, 'amount': 0.00557068, 'open_date': datetime.datetime(2026, 1, 2, 21, 8, 22, 381333, tzinfo=datetime.timezone.utc), 'current_rate': 89755.6, 'sub_trade': False}
2026-01-02 21:09:01,209 - freqtrade.worker - INFO - Bot heartbeat. PID=70, version='2025.4', state='RUNNING'
2026-01-02 21:09:01,298 - freqtrade.freqtradebot - INFO - Found open order for Trade(id=2, pair=ETH/USD, amount=0.00000000, is_short=False, leverage=1.0, open_rate=3117.76000000, open_since=2026-01-02 21:00:07)
2026-01-02 21:09:02,552 - freqtrade.freqtradebot - INFO - Found open order for Trade(id=3, pair=BTC/USD, amount=0.00000000, is_short=False, leverage=1.0, open_rate=89755.60000000, open_since=2026-01-02 21:08:22)
2026-01-02 21:09:46,398 - freqtrade.freqtradebot - INFO - Found open order for Trade(id=2, pair=ETH/USD, amount=0.00000000, is_short=False, leverage=1.0, open_rate=3117.76000000, open_since=2026-01-02 21:00:07)
2026-01-02 21:09:47,549 - freqtrade.freqtradebot - INFO - Found open order for Trade(id=3, pair=BTC/USD, amount=0.00000000, is_short=False, leverage=1.0, open_rate=89755.60000000, open_since=2026-01-02 21:08:22)
2026-01-02 21:10:31,323 - freqtrade.freqtradebot - INFO - Found open order for Trade(id=2, pair=ETH/USD, amount=0.00000000, is_short=False, leverage=1.0, open_rate=3117.76000000, open_since=2026-01-02 21:00:07)
2026-01-02 21:10:33,745 - freqtrade.freqtradebot - INFO - Buy order cancelled due to timeout for Trade(id=2, pair=ETH/USD, amount=0.00000000, is_short=False, leverage=1.0, open_rate=3117.76000000, open_since=2026-01-02 21:00:07).
2026-01-02 21:10:33,746 - freqtrade.freqtradebot - INFO - Buy order fully cancelled. Removing Trade(id=2, pair=ETH/USD, amount=0.00000000, is_short=False, leverage=1.0, open_rate=3117.76000000, open_since=2026-01-02 21:00:07) from database.
2026-01-02 21:10:33,789 - freqtrade.wallets - INFO - Wallets synced.
2026-01-02 21:10:34,994 - freqtrade.rpc.rpc_manager - INFO - Sending rpc message: {'trade_id': 2, 'type': entry_cancel, 'buy_tag': '', 'enter_tag': '', 'exchange': 'Kraken', 'pair': 'ETH/USD', 'leverage': 1.0, 'direction': 'Long', 'limit': 3117.76, 'order_type': 'limit', 'stake_amount': 500.0, 'open_rate': 3117.76, 'stake_currency': 'USD', 'base_currency': 'ETH', 'quote_currency': 'USD', 'fiat_currency': None, 'amount': 0.0, 'open_date': datetime.datetime(2026, 1, 2, 21, 0, 7, 612168), 'current_rate': 3119.41, 'reason': 'cancelled due to timeout, fully cancelled', 'sub_trade': False}
2026-01-02 21:10:36,072 - freqtrade.freqtradebot - INFO - Found open order for Trade(id=3, pair=BTC/USD, amount=0.00000000, is_short=False, leverage=1.0, open_rate=89755.60000000, open_since=2026-01-02 21:08:22)
2026-01-02 21:10:36,085 - freqtrade.freqtradebot - INFO - Fee for Trade Trade(id=3, pair=BTC/USD, amount=0.00000000, is_short=False, leverage=1.0, open_rate=89755.60000000, open_since=2026-01-02 21:08:22) [buy]: 1.2499993 USD - rate: 0.0025
2026-01-02 21:10:36,086 - freqtrade.persistence.trade_model - INFO - Updating trade (id=3) ...
2026-01-02 21:10:36,087 - freqtrade.persistence.trade_model - INFO - LIMIT_BUY has been fulfilled for Trade(id=3, pair=BTC/USD, amount=0.00557068, is_short=False, leverage=1.0, open_rate=89755.60000000, open_since=2026-01-02 21:08:22).
2026-01-02 21:10:36,099 - freqtrade.wallets - INFO - Wallets synced.
2026-01-02 21:10:36,101 - freqtrade.rpc.rpc_manager - INFO - Sending rpc message: {'trade_id': 3, 'type': entry_fill, 'buy_tag': '', 'enter_tag': '', 'exchange': 'Kraken', 'pair': 'BTC/USD', 'leverage': 1.0, 'direction': 'Long', 'limit': 89755.6, 'open_rate': 89755.6, 'order_type': 'limit', 'stake_amount': 499.999725808, 'stake_currency': 'USD', 'base_currency': 'BTC', 'quote_currency': 'USD', 'fiat_currency': None, 'amount': 0.00557068, 'open_date': datetime.datetime(2026, 1, 2, 21, 8, 22, 381333, tzinfo=datetime.timezone.utc), 'current_rate': 89755.6, 'sub_trade': False}
2026-01-02 21:10:37,269 - freqtrade.wallets - INFO - Wallets synced.
2026-01-02 21:10:38,463 - freqtrade.freqtradebot - INFO - Long signal found: about create a new trade for ETH/USD with stake_amount: 500 and price: 3119.75 ...
2026-01-02 21:10:39,660 - freqtrade.freqtradebot - INFO - Order dry_run_buy_ETH/USD_1767388238.464078 was created for ETH/USD and status is open.
2026-01-02 21:10:39,670 - freqtrade.wallets - INFO - Wallets synced.
2026-01-02 21:10:39,670 - freqtrade.rpc.rpc_manager - INFO - Sending rpc message: {'trade_id': 4, 'type': entry, 'buy_tag': '', 'enter_tag': '', 'exchange': 'Kraken', 'pair': 'ETH/USD', 'leverage': 1.0, 'direction': 'Long', 'limit': 3119.75, 'open_rate': 3119.75, 'order_type': 'limit', 'stake_amount': 500.0, 'stake_currency': 'USD', 'base_currency': 'ETH', 'quote_currency': 'USD', 'fiat_currency': None, 'amount': 0.16026925, 'open_date': datetime.datetime(2026, 1, 2, 21, 10, 39, 660774, tzinfo=datetime.timezone.utc), 'current_rate': 3119.75, 'sub_trade': False}
2026-01-02 21:11:16,297 - freqtrade.freqtradebot - INFO - Found open order for Trade(id=4, pair=ETH/USD, amount=0.00000000, is_short=False, leverage=1.0, open_rate=3119.75000000, open_since=2026-01-02 21:10:39)
2026-01-02 21:12:01,783 - freqtrade.freqtradebot - INFO - Found open order for Trade(id=4, pair=ETH/USD, amount=0.00000000, is_short=False, leverage=1.0, open_rate=3119.75000000, open_since=2026-01-02 21:10:39)
2026-01-02 21:12:01,823 - freqtrade.freqtradebot - INFO - Fee for Trade Trade(id=4, pair=ETH/USD, amount=0.00000000, is_short=False, leverage=1.0, open_rate=3119.75000000, open_since=2026-01-02 21:10:39) [buy]: 1.25 USD - rate: 0.0025
2026-01-02 21:12:01,824 - freqtrade.persistence.trade_model - INFO - Updating trade (id=4) ...
2026-01-02 21:12:01,825 - freqtrade.persistence.trade_model - INFO - LIMIT_BUY has been fulfilled for Trade(id=4, pair=ETH/USD, amount=0.16026925, is_short=False, leverage=1.0, open_rate=3119.75000000, open_since=2026-01-02 21:10:39).
2026-01-02 21:12:01,879 - freqtrade.wallets - INFO - Wallets synced.
2026-01-02 21:12:01,887 - freqtrade.rpc.rpc_manager - INFO - Sending rpc message: {'trade_id': 4, 'type': entry_fill, 'buy_tag': '', 'enter_tag': '', 'exchange': 'Kraken', 'pair': 'ETH/USD', 'leverage': 1.0, 'direction': 'Long', 'limit': 3119.75, 'open_rate': 3119.75, 'order_type': 'limit', 'stake_amount': 499.9999926875, 'stake_currency': 'USD', 'base_currency': 'ETH', 'quote_currency': 'USD', 'fiat_currency': None, 'amount': 0.16026925, 'open_date': datetime.datetime(2026, 1, 2, 21, 10, 39, 660774, tzinfo=datetime.timezone.utc), 'current_rate': 3119.75, 'sub_trade': False}
2026-01-02 21:14:16,721 - freqtrade.worker - INFO - Bot heartbeat. PID=70, version='2025.4', state='RUNNING'
2026-01-02 21:16:32,334 - freqtrade.freqtradebot - INFO - No currency pair in active pair whitelist, but checking to exit open trades.
2026-01-02 21:19:31,006 - freqtrade.worker - INFO - Bot heartbeat. PID=70, version='2025.4', state='RUNNING'
