2026-01-02 20:57:56,038 - freqtrade.loggers - INFO - Enabling colorized output.
2026-01-02 20:57:56,040 - root - INFO - Logfile configured
2026-01-02 20:57:56,040 - freqtrade.loggers - INFO - Verbosity set to 0
2026-01-02 20:57:56,042 - freqtrade.configuration.configuration - INFO - Runmode set to dry_run.
2026-01-02 20:57:56,043 - freqtrade.configuration.configuration - INFO - Using additional Strategy lookup path: /pool/strategies
2026-01-02 20:57:56,045 - freqtrade.configuration.configuration - INFO - Parameter --db-url detected ...
2026-01-02 20:57:56,046 - freqtrade.configuration.configuration - INFO - Dry run is enabled
2026-01-02 20:57:56,047 - freqtrade.configuration.configuration - INFO - Using DB: "sqlite:////pool/bots/anshjarvis2003-bot-3/tradesv3.sqlite"
2026-01-02 20:57:56,048 - freqtrade.configuration.configuration - INFO - Using max_open_trades: 20 ...
2026-01-02 20:57:56,059 - freqtrade.configuration.configuration - INFO - Using user-data directory: /freqtrade/user_data ...
2026-01-02 20:57:56,060 - freqtrade.configuration.configuration - INFO - Using data directory: /freqtrade/user_data/data/kraken ...
2026-01-02 20:57:56,062 - freqtrade.exchange.check_exchange - INFO - Checking exchange...
2026-01-02 20:57:56,068 - freqtrade.exchange.check_exchange - INFO - Exchange "kraken" is officially supported by the Freqtrade development team.
2026-01-02 20:57:56,069 - freqtrade.configuration.configuration - INFO - Using pairlist from configuration.
2026-01-02 20:57:56,103 - freqtrade.resolvers.iresolver - INFO - Using resolved strategy EmaRsiStrategy from '/pool/strategies/EmaRsiStrategy.py'...
2026-01-02 20:57:56,104 - freqtrade.strategy.hyper - INFO - Found no parameter file.
2026-01-02 20:57:56,105 - freqtrade.resolvers.strategy_resolver - INFO - Override strategy 'timeframe' with value in config file: 15m.
2026-01-02 20:57:56,106 - freqtrade.resolvers.strategy_resolver - INFO - Override strategy 'stake_currency' with value in config file: USD.
2026-01-02 20:57:56,107 - freqtrade.resolvers.strategy_resolver - INFO - Override strategy 'stake_amount' with value in config file: 500.
2026-01-02 20:57:56,107 - freqtrade.resolvers.strategy_resolver - INFO - Override strategy 'unfilledtimeout' with value in config file: {'entry': 10, 'exit': 10, 'exit_timeout_count': 0, 'unit': 'minutes'}.
2026-01-02 20:57:56,108 - freqtrade.resolvers.strategy_resolver - INFO - Override strategy 'max_open_trades' with value in config file: 20.
2026-01-02 20:57:56,108 - freqtrade.resolvers.strategy_resolver - INFO - Strategy using minimal_roi: {'0': 0.15, '60': 0.05, '120': 0.02}
2026-01-02 20:57:56,109 - freqtrade.resolvers.strategy_resolver - INFO - Strategy using timeframe: 15m
2026-01-02 20:57:56,109 - freqtrade.resolvers.strategy_resolver - INFO - Strategy using stoploss: -0.1
2026-01-02 20:57:56,110 - freqtrade.resolvers.strategy_resolver - INFO - Strategy using trailing_stop: False
2026-01-02 20:57:56,111 - freqtrade.resolvers.strategy_resolver - INFO - Strategy using trailing_stop_positive_offset: 0.0
2026-01-02 20:57:56,111 - freqtrade.resolvers.strategy_resolver - INFO - Strategy using trailing_only_offset_is_reached: False
2026-01-02 20:57:56,112 - freqtrade.resolvers.strategy_resolver - INFO - Strategy using use_custom_stoploss: False
2026-01-02 20:57:56,112 - freqtrade.resolvers.strategy_resolver - INFO - Strategy using process_only_new_candles: True
2026-01-02 20:57:56,113 - freqtrade.resolvers.strategy_resolver - INFO - Strategy using order_types: {'entry': 'limit', 'exit': 'limit', 'stoploss': 'limit', 'stoploss_on_exchange': False, 'stoploss_on_exchange_interval': 60}
2026-01-02 20:57:56,113 - freqtrade.resolvers.strategy_resolver - INFO - Strategy using order_time_in_force: {'entry': 'GTC', 'exit': 'GTC'}
2026-01-02 20:57:56,114 - freqtrade.resolvers.strategy_resolver - INFO - Strategy using stake_currency: USD
2026-01-02 20:57:56,114 - freqtrade.resolvers.strategy_resolver - INFO - Strategy using stake_amount: 500
2026-01-02 20:57:56,115 - freqtrade.resolvers.strategy_resolver - INFO - Strategy using startup_candle_count: 0
2026-01-02 20:57:56,116 - freqtrade.resolvers.strategy_resolver - INFO - Strategy using unfilledtimeout: {'entry': 10, 'exit': 10, 'exit_timeout_count': 0, 'unit': 'minutes'}
2026-01-02 20:57:56,116 - freqtrade.resolvers.strategy_resolver - INFO - Strategy using use_exit_signal: True
2026-01-02 20:57:56,117 - freqtrade.resolvers.strategy_resolver - INFO - Strategy using exit_profit_only: False
2026-01-02 20:57:56,117 - freqtrade.resolvers.strategy_resolver - INFO - Strategy using ignore_roi_if_entry_signal: False
2026-01-02 20:57:56,118 - freqtrade.resolvers.strategy_resolver - INFO - Strategy using exit_profit_offset: 0.0
2026-01-02 20:57:56,118 - freqtrade.resolvers.strategy_resolver - INFO - Strategy using disable_dataframe_checks: False
2026-01-02 20:57:56,119 - freqtrade.resolvers.strategy_resolver - INFO - Strategy using ignore_buying_expired_candle_after: 0
2026-01-02 20:57:56,120 - freqtrade.resolvers.strategy_resolver - INFO - Strategy using position_adjustment_enable: False
2026-01-02 20:57:56,120 - freqtrade.resolvers.strategy_resolver - INFO - Strategy using max_entry_position_adjustment: -1
2026-01-02 20:57:56,121 - freqtrade.resolvers.strategy_resolver - INFO - Strategy using max_open_trades: 20
2026-01-02 20:57:56,121 - freqtrade.configuration.config_validation - INFO - Validating configuration ...
2026-01-02 20:57:56,125 - freqtrade.exchange.exchange - INFO - Instance is running with dry_run enabled
2026-01-02 20:57:56,125 - freqtrade.exchange.exchange - INFO - Using CCXT 4.4.77
2026-01-02 20:57:56,134 - freqtrade.exchange.exchange - INFO - Using Exchange "Kraken"
2026-01-02 20:57:58,764 - freqtrade.resolvers.exchange_resolver - INFO - Using resolved exchange 'Kraken'...
2026-01-02 20:57:58,862 - freqtrade.wallets - INFO - Wallets synced.
2026-01-02 20:57:58,863 - freqtrade.rpc.rpc_manager - INFO - Enabling rpc.api_server
2026-01-02 20:57:59,045 - freqtrade.rpc.api_server.webserver - INFO - Starting HTTP Server at 0.0.0.0:9002
2026-01-02 20:57:59,046 - freqtrade.rpc.api_server.webserver - INFO - Starting Local Rest Server.
2026-01-02 20:57:59,073 - freqtrade.resolvers.iresolver - INFO - Using resolved pairlist StaticPairList from '/freqtrade/freqtrade/plugins/pairlist/StaticPairList.py'...
2026-01-02 20:57:59,075 - freqtrade.freqtradebot - INFO - Starting initial pairlist refresh
2026-01-02 20:57:59,083 - freqtrade.plugins.pairlistmanager - INFO - Whitelist with 2 pairs: ['BTC/USD', 'ETH/USD']
2026-01-02 20:57:59,084 - freqtrade.freqtradebot - INFO - Initial Pairlist refresh took 0.01s
2026-01-02 20:57:59,085 - freqtrade.strategy.hyper - INFO - No params for sell found, using default values.
2026-01-02 20:57:59,086 - freqtrade.strategy.hyper - INFO - No params for protection found, using default values.
2026-01-02 20:57:59,087 - freqtrade.plugins.protectionmanager - INFO - No protection Handlers defined.
2026-01-02 20:57:59,088 - freqtrade.rpc.rpc_manager - INFO - Sending rpc message: {'type': status, 'status': 'running'}
2026-01-02 20:57:59,089 - freqtrade.worker - INFO - Changing state to: RUNNING
2026-01-02 20:57:59,107 - freqtrade.rpc.rpc_manager - INFO - Sending rpc message: {'type': warning, 'status': 'Dry run is enabled. All trades are simulated.'}
2026-01-02 20:57:59,107 - freqtrade.rpc.rpc_manager - INFO - Sending rpc message: {'type': startup, 'status': "*Exchange:* `kraken`\n*Stake per trade:* `500 USD`\n*Minimum ROI:* `{'0': 0.15, '60': 0.05, '120': 0.02}`\n*Stoploss:* `-0.1`\n*Position adjustment:* `Off`\n*Timeframe:* `15m`\n*Strategy:* `EmaRsiStrategy`"}
2026-01-02 20:57:59,108 - freqtrade.rpc.rpc_manager - INFO - Sending rpc message: {'type': startup, 'status': "Searching for USD pairs to buy and sell based on [{'StaticPairList': 'StaticPairList'}]"}
2026-01-02 20:58:01,564 - freqtrade.wallets - INFO - Wallets synced.
2026-01-02 20:58:01,855 - freqtrade.freqtradebot - INFO - Long signal found: about create a new trade for BTC/USD with stake_amount: 500 and price: 89609.7 ...
2026-01-02 20:58:02,888 - freqtrade.freqtradebot - INFO - Order dry_run_buy_BTC/USD_1767387481.858384 was created for BTC/USD and status is open.
2026-01-02 20:58:02,906 - freqtrade.wallets - INFO - Wallets synced.
2026-01-02 20:58:02,906 - freqtrade.rpc.rpc_manager - INFO - Sending rpc message: {'trade_id': 1, 'type': entry, 'buy_tag': '', 'enter_tag': '', 'exchange': 'Kraken', 'pair': 'BTC/USD', 'leverage': 1.0, 'direction': 'Long', 'limit': 89609.7, 'open_rate': 89609.7, 'order_type': 'limit', 'stake_amount': 500.0, 'stake_currency': 'USD', 'base_currency': 'BTC', 'quote_currency': 'USD', 'fiat_currency': None, 'amount': 0.00557975, 'open_date': datetime.datetime(2026, 1, 2, 20, 58, 2, 890129, tzinfo=datetime.timezone.utc), 'current_rate': 89609.7, 'sub_trade': False}
2026-01-02 20:58:44,114 - freqtrade.worker - INFO - Bot heartbeat. PID=90, version='2025.4', state='RUNNING'
2026-01-02 20:58:44,431 - freqtrade.freqtradebot - INFO - Found open order for Trade(id=1, pair=BTC/USD, amount=0.00000000, is_short=False, leverage=1.0, open_rate=89609.70000000, open_since=2026-01-02 20:58:02)
2026-01-02 20:59:29,252 - freqtrade.freqtradebot - INFO - Found open order for Trade(id=1, pair=BTC/USD, amount=0.00000000, is_short=False, leverage=1.0, open_rate=89609.70000000, open_since=2026-01-02 20:58:02)
2026-01-02 21:00:04,065 - freqtrade.freqtradebot - INFO - Found open order for Trade(id=1, pair=BTC/USD, amount=0.00000000, is_short=False, leverage=1.0, open_rate=89609.70000000, open_since=2026-01-02 20:58:02)
2026-01-02 21:00:05,078 - freqtrade.wallets - INFO - Wallets synced.
2026-01-02 21:00:06,246 - freqtrade.freqtradebot - INFO - Long signal found: about create a new trade for ETH/USD with stake_amount: 500 and price: 3117.76 ...
2026-01-02 21:00:07,519 - freqtrade.freqtradebot - INFO - Order dry_run_buy_ETH/USD_1767387606.247213 was created for ETH/USD and status is open.
2026-01-02 21:00:07,538 - freqtrade.wallets - INFO - Wallets synced.
2026-01-02 21:00:07,539 - freqtrade.rpc.rpc_manager - INFO - Sending rpc message: {'trade_id': 2, 'type': entry, 'buy_tag': '', 'enter_tag': '', 'exchange': 'Kraken', 'pair': 'ETH/USD', 'leverage': 1.0, 'direction': 'Long', 'limit': 3117.76, 'open_rate': 3117.76, 'order_type': 'limit', 'stake_amount': 500.0, 'stake_currency': 'USD', 'base_currency': 'ETH', 'quote_currency': 'USD', 'fiat_currency': None, 'amount': 0.16037154, 'open_date': datetime.datetime(2026, 1, 2, 21, 0, 7, 520586, tzinfo=datetime.timezone.utc), 'current_rate': 3117.76, 'sub_trade': False}
2026-01-02 21:00:46,308 - freqtrade.freqtradebot - INFO - Found open order for Trade(id=1, pair=BTC/USD, amount=0.00000000, is_short=False, leverage=1.0, open_rate=89609.70000000, open_since=2026-01-02 20:58:02)
2026-01-02 21:00:48,557 - freqtrade.freqtradebot - INFO - Found open order for Trade(id=2, pair=ETH/USD, amount=0.00000000, is_short=False, leverage=1.0, open_rate=3117.76000000, open_since=2026-01-02 21:00:07)
2026-01-02 21:00:48,567 - freqtrade.freqtradebot - INFO - No currency pair in active pair whitelist, but checking to exit open trades.
2026-01-02 21:01:31,287 - freqtrade.freqtradebot - INFO - Found open order for Trade(id=1, pair=BTC/USD, amount=0.00000000, is_short=False, leverage=1.0, open_rate=89609.70000000, open_since=2026-01-02 20:58:02)
2026-01-02 21:01:33,694 - freqtrade.freqtradebot - INFO - Found open order for Trade(id=2, pair=ETH/USD, amount=0.00000000, is_short=False, leverage=1.0, open_rate=3117.76000000, open_since=2026-01-02 21:00:07)
2026-01-02 21:02:16,171 - freqtrade.freqtradebot - INFO - Found open order for Trade(id=1, pair=BTC/USD, amount=0.00000000, is_short=False, leverage=1.0, open_rate=89609.70000000, open_since=2026-01-02 20:58:02)
2026-01-02 21:02:18,553 - freqtrade.freqtradebot - INFO - Found open order for Trade(id=2, pair=ETH/USD, amount=0.00000000, is_short=False, leverage=1.0, open_rate=3117.76000000, open_since=2026-01-02 21:00:07)
2026-01-02 21:03:01,169 - freqtrade.freqtradebot - INFO - Found open order for Trade(id=1, pair=BTC/USD, amount=0.00000000, is_short=False, leverage=1.0, open_rate=89609.70000000, open_since=2026-01-02 20:58:02)
2026-01-02 21:03:03,547 - freqtrade.freqtradebot - INFO - Found open order for Trade(id=2, pair=ETH/USD, amount=0.00000000, is_short=False, leverage=1.0, open_rate=3117.76000000, open_since=2026-01-02 21:00:07)
2026-01-02 21:03:46,018 - freqtrade.worker - INFO - Bot heartbeat. PID=90, version='2025.4', state='RUNNING'
2026-01-02 21:03:46,064 - freqtrade.freqtradebot - INFO - Found open order for Trade(id=1, pair=BTC/USD, amount=0.00000000, is_short=False, leverage=1.0, open_rate=89609.70000000, open_since=2026-01-02 20:58:02)
2026-01-02 21:03:48,541 - freqtrade.freqtradebot - INFO - Found open order for Trade(id=2, pair=ETH/USD, amount=0.00000000, is_short=False, leverage=1.0, open_rate=3117.76000000, open_since=2026-01-02 21:00:07)
2026-01-02 21:04:31,290 - freqtrade.freqtradebot - INFO - Found open order for Trade(id=1, pair=BTC/USD, amount=0.00000000, is_short=False, leverage=1.0, open_rate=89609.70000000, open_since=2026-01-02 20:58:02)
2026-01-02 21:04:33,540 - freqtrade.freqtradebot - INFO - Found open order for Trade(id=2, pair=ETH/USD, amount=0.00000000, is_short=False, leverage=1.0, open_rate=3117.76000000, open_since=2026-01-02 21:00:07)
2026-01-02 21:05:16,164 - freqtrade.freqtradebot - INFO - Found open order for Trade(id=1, pair=BTC/USD, amount=0.00000000, is_short=False, leverage=1.0, open_rate=89609.70000000, open_since=2026-01-02 20:58:02)
2026-01-02 21:05:18,544 - freqtrade.freqtradebot - INFO - Found open order for Trade(id=2, pair=ETH/USD, amount=0.00000000, is_short=False, leverage=1.0, open_rate=3117.76000000, open_since=2026-01-02 21:00:07)
2026-01-02 21:06:01,305 - freqtrade.freqtradebot - INFO - Found open order for Trade(id=1, pair=BTC/USD, amount=0.00000000, is_short=False, leverage=1.0, open_rate=89609.70000000, open_since=2026-01-02 20:58:02)
2026-01-02 21:06:03,546 - freqtrade.freqtradebot - INFO - Found open order for Trade(id=2, pair=ETH/USD, amount=0.00000000, is_short=False, leverage=1.0, open_rate=3117.76000000, open_since=2026-01-02 21:00:07)
2026-01-02 21:06:46,155 - freqtrade.freqtradebot - INFO - Found open order for Trade(id=1, pair=BTC/USD, amount=0.00000000, is_short=False, leverage=1.0, open_rate=89609.70000000, open_since=2026-01-02 20:58:02)
2026-01-02 21:06:48,549 - freqtrade.freqtradebot - INFO - Found open order for Trade(id=2, pair=ETH/USD, amount=0.00000000, is_short=False, leverage=1.0, open_rate=3117.76000000, open_since=2026-01-02 21:00:07)
2026-01-02 21:07:31,286 - freqtrade.freqtradebot - INFO - Found open order for Trade(id=1, pair=BTC/USD, amount=0.00000000, is_short=False, leverage=1.0, open_rate=89609.70000000, open_since=2026-01-02 20:58:02)
2026-01-02 21:07:33,539 - freqtrade.freqtradebot - INFO - Found open order for Trade(id=2, pair=ETH/USD, amount=0.00000000, is_short=False, leverage=1.0, open_rate=3117.76000000, open_since=2026-01-02 21:00:07)
2026-01-02 21:08:16,313 - freqtrade.freqtradebot - INFO - Found open order for Trade(id=1, pair=BTC/USD, amount=0.00000000, is_short=False, leverage=1.0, open_rate=89609.70000000, open_since=2026-01-02 20:58:02)
2026-01-02 21:08:18,482 - freqtrade.freqtradebot - INFO - Buy order cancelled due to timeout for Trade(id=1, pair=BTC/USD, amount=0.00000000, is_short=False, leverage=1.0, open_rate=89609.70000000, open_since=2026-01-02 20:58:02).
2026-01-02 21:08:18,484 - freqtrade.freqtradebot - INFO - Buy order fully cancelled. Removing Trade(id=1, pair=BTC/USD, amount=0.00000000, is_short=False, leverage=1.0, open_rate=89609.70000000, open_since=2026-01-02 20:58:02) from database.
2026-01-02 21:08:18,534 - freqtrade.wallets - INFO - Wallets synced.
2026-01-02 21:08:18,535 - freqtrade.rpc.rpc_manager - INFO - Sending rpc message: {'trade_id': 1, 'type': entry_cancel, 'buy_tag': '', 'enter_tag': '', 'exchange': 'Kraken', 'pair': 'BTC/USD', 'leverage': 1.0, 'direction': 'Long', 'limit': 89609.7, 'order_type': 'limit', 'stake_amount': 500.0, 'open_rate': 89609.7, 'stake_currency': 'USD', 'base_currency': 'BTC', 'quote_currency': 'USD', 'fiat_currency': None, 'amount': 0.0, 'open_date': datetime.datetime(2026, 1, 2, 20, 58, 2, 890129), 'current_rate': 89762.3, 'reason': 'cancelled due to timeout, fully cancelled', 'sub_trade': False}
2026-01-02 21:08:19,678 - freqtrade.freqtradebot - INFO - Found open order for Trade(id=2, pair=ETH/USD, amount=0.00000000, is_short=False, leverage=1.0, open_rate=3117.76000000, open_since=2026-01-02 21:00:07)
2026-01-02 21:08:19,697 - freqtrade.wallets - INFO - Wallets synced.
2026-01-02 21:08:21,111 - freqtrade.freqtradebot - INFO - Long signal found: about create a new trade for BTC/USD with stake_amount: 500 and price: 89755.6 ...
2026-01-02 21:08:22,160 - freqtrade.freqtradebot - INFO - Order dry_run_buy_BTC/USD_1767388101.112912 was created for BTC/USD and status is open.
2026-01-02 21:08:22,168 - freqtrade.wallets - INFO - Wallets synced.
2026-01-02 21:08:22,169 - freqtrade.rpc.rpc_manager - INFO - Sending rpc message: {'trade_id': 3, 'type': entry, 'buy_tag': '', 'enter_tag': '', 'exchange': 'Kraken', 'pair': 'BTC/USD', 'leverage': 1.0, 'direction': 'Long', 'limit': 89755.6, 'open_rate': 89755.6, 'order_type': 'limit', 'stake_amount': 500.0, 'stake_currency': 'USD', 'base_currency': 'BTC', 'quote_currency': 'USD', 'fiat_currency': None, 'amount': 0.00557068, 'open_date': datetime.datetime(2026, 1, 2, 21, 8, 22, 161826, tzinfo=datetime.timezone.utc), 'current_rate': 89755.6, 'sub_trade': False}
2026-01-02 21:09:01,040 - freqtrade.worker - INFO - Bot heartbeat. PID=90, version='2025.4', state='RUNNING'
2026-01-02 21:09:01,301 - freqtrade.freqtradebot - INFO - Found open order for Trade(id=2, pair=ETH/USD, amount=0.00000000, is_short=False, leverage=1.0, open_rate=3117.76000000, open_since=2026-01-02 21:00:07)
2026-01-02 21:09:02,676 - freqtrade.freqtradebot - INFO - Found open order for Trade(id=3, pair=BTC/USD, amount=0.00000000, is_short=False, leverage=1.0, open_rate=89755.60000000, open_since=2026-01-02 21:08:22)
2026-01-02 21:09:46,467 - freqtrade.freqtradebot - INFO - Found open order for Trade(id=2, pair=ETH/USD, amount=0.00000000, is_short=False, leverage=1.0, open_rate=3117.76000000, open_since=2026-01-02 21:00:07)
2026-01-02 21:09:47,544 - freqtrade.freqtradebot - INFO - Found open order for Trade(id=3, pair=BTC/USD, amount=0.00000000, is_short=False, leverage=1.0, open_rate=89755.60000000, open_since=2026-01-02 21:08:22)
2026-01-02 21:10:31,188 - freqtrade.freqtradebot - INFO - Found open order for Trade(id=2, pair=ETH/USD, amount=0.00000000, is_short=False, leverage=1.0, open_rate=3117.76000000, open_since=2026-01-02 21:00:07)
2026-01-02 21:10:33,512 - freqtrade.freqtradebot - INFO - Buy order cancelled due to timeout for Trade(id=2, pair=ETH/USD, amount=0.00000000, is_short=False, leverage=1.0, open_rate=3117.76000000, open_since=2026-01-02 21:00:07).
2026-01-02 21:10:33,513 - freqtrade.freqtradebot - INFO - Buy order fully cancelled. Removing Trade(id=2, pair=ETH/USD, amount=0.00000000, is_short=False, leverage=1.0, open_rate=3117.76000000, open_since=2026-01-02 21:00:07) from database.
2026-01-02 21:10:33,529 - freqtrade.wallets - INFO - Wallets synced.
2026-01-02 21:10:34,945 - freqtrade.rpc.rpc_manager - INFO - Sending rpc message: {'trade_id': 2, 'type': entry_cancel, 'buy_tag': '', 'enter_tag': '', 'exchange': 'Kraken', 'pair': 'ETH/USD', 'leverage': 1.0, 'direction': 'Long', 'limit': 3117.76, 'order_type': 'limit', 'stake_amount': 500.0, 'open_rate': 3117.76, 'stake_currency': 'USD', 'base_currency': 'ETH', 'quote_currency': 'USD', 'fiat_currency': None, 'amount': 0.0, 'open_date': datetime.datetime(2026, 1, 2, 21, 0, 7, 520586), 'current_rate': 3119.41, 'reason': 'cancelled due to timeout, fully cancelled', 'sub_trade': False}
2026-01-02 21:10:35,995 - freqtrade.freqtradebot - INFO - Found open order for Trade(id=3, pair=BTC/USD, amount=0.00000000, is_short=False, leverage=1.0, open_rate=89755.60000000, open_since=2026-01-02 21:08:22)
2026-01-02 21:10:36,001 - freqtrade.freqtradebot - INFO - Fee for Trade Trade(id=3, pair=BTC/USD, amount=0.00000000, is_short=False, leverage=1.0, open_rate=89755.60000000, open_since=2026-01-02 21:08:22) [buy]: 1.2499993 USD - rate: 0.0025
2026-01-02 21:10:36,002 - freqtrade.persistence.trade_model - INFO - Updating trade (id=3) ...
2026-01-02 21:10:36,002 - freqtrade.persistence.trade_model - INFO - LIMIT_BUY has been fulfilled for Trade(id=3, pair=BTC/USD, amount=0.00557068, is_short=False, leverage=1.0, open_rate=89755.60000000, open_since=2026-01-02 21:08:22).
2026-01-02 21:10:36,010 - freqtrade.wallets - INFO - Wallets synced.
2026-01-02 21:10:36,012 - freqtrade.rpc.rpc_manager - INFO - Sending rpc message: {'trade_id': 3, 'type': entry_fill, 'buy_tag': '', 'enter_tag': '', 'exchange': 'Kraken', 'pair': 'BTC/USD', 'leverage': 1.0, 'direction': 'Long', 'limit': 89755.6, 'open_rate': 89755.6, 'order_type': 'limit', 'stake_amount': 499.999725808, 'stake_currency': 'USD', 'base_currency': 'BTC', 'quote_currency': 'USD', 'fiat_currency': None, 'amount': 0.00557068, 'open_date': datetime.datetime(2026, 1, 2, 21, 8, 22, 161826, tzinfo=datetime.timezone.utc), 'current_rate': 89755.6, 'sub_trade': False}
2026-01-02 21:10:37,124 - freqtrade.wallets - INFO - Wallets synced.
2026-01-02 21:10:38,313 - freqtrade.freqtradebot - INFO - Long signal found: about create a new trade for ETH/USD with stake_amount: 500 and price: 3119.75 ...
2026-01-02 21:10:39,598 - freqtrade.freqtradebot - INFO - Order dry_run_buy_ETH/USD_1767388238.314452 was created for ETH/USD and status is open.
2026-01-02 21:10:39,605 - freqtrade.wallets - INFO - Wallets synced.
2026-01-02 21:10:39,606 - freqtrade.rpc.rpc_manager - INFO - Sending rpc message: {'trade_id': 4, 'type': entry, 'buy_tag': '', 'enter_tag': '', 'exchange': 'Kraken', 'pair': 'ETH/USD', 'leverage': 1.0, 'direction': 'Long', 'limit': 3119.75, 'open_rate': 3119.75, 'order_type': 'limit', 'stake_amount': 500.0, 'stake_currency': 'USD', 'base_currency': 'ETH', 'quote_currency': 'USD', 'fiat_currency': None, 'amount': 0.16026925, 'open_date': datetime.datetime(2026, 1, 2, 21, 10, 39, 599103, tzinfo=datetime.timezone.utc), 'current_rate': 3119.75, 'sub_trade': False}
2026-01-02 21:11:16,214 - freqtrade.freqtradebot - INFO - Found open order for Trade(id=4, pair=ETH/USD, amount=0.00000000, is_short=False, leverage=1.0, open_rate=3119.75000000, open_since=2026-01-02 21:10:39)
2026-01-02 21:12:01,518 - freqtrade.freqtradebot - INFO - Found open order for Trade(id=4, pair=ETH/USD, amount=0.00000000, is_short=False, leverage=1.0, open_rate=3119.75000000, open_since=2026-01-02 21:10:39)
2026-01-02 21:12:01,780 - freqtrade.freqtradebot - INFO - Fee for Trade Trade(id=4, pair=ETH/USD, amount=0.00000000, is_short=False, leverage=1.0, open_rate=3119.75000000, open_since=2026-01-02 21:10:39) [buy]: 1.25 USD - rate: 0.0025
2026-01-02 21:12:01,790 - freqtrade.persistence.trade_model - INFO - Updating trade (id=4) ...
2026-01-02 21:12:01,830 - freqtrade.persistence.trade_model - INFO - LIMIT_BUY has been fulfilled for Trade(id=4, pair=ETH/USD, amount=0.16026925, is_short=False, leverage=1.0, open_rate=3119.75000000, open_since=2026-01-02 21:10:39).
2026-01-02 21:12:02,133 - freqtrade.wallets - INFO - Wallets synced.
2026-01-02 21:12:02,177 - freqtrade.rpc.rpc_manager - INFO - Sending rpc message: {'trade_id': 4, 'type': entry_fill, 'buy_tag': '', 'enter_tag': '', 'exchange': 'Kraken', 'pair': 'ETH/USD', 'leverage': 1.0, 'direction': 'Long', 'limit': 3119.75, 'open_rate': 3119.75, 'order_type': 'limit', 'stake_amount': 499.9999926875, 'stake_currency': 'USD', 'base_currency': 'ETH', 'quote_currency': 'USD', 'fiat_currency': None, 'amount': 0.16026925, 'open_date': datetime.datetime(2026, 1, 2, 21, 10, 39, 599103, tzinfo=datetime.timezone.utc), 'current_rate': 3119.75, 'sub_trade': False}
2026-01-02 21:14:16,238 - freqtrade.worker - INFO - Bot heartbeat. PID=90, version='2025.4', state='RUNNING'
2026-01-02 21:16:32,363 - freqtrade.freqtradebot - INFO - No currency pair in active pair whitelist, but checking to exit open trades.
2026-01-02 21:19:31,001 - freqtrade.worker - INFO - Bot heartbeat. PID=90, version='2025.4', state='RUNNING'
